<?xml version="1.0" encoding="UTF-8"?>
<testng-results ignored="0" total="0" passed="0" failed="0" skipped="0">
  <reporter-output>
  </reporter-output>
  <suite started-at="2023-02-15T22:38:28 EST" name="Surefire suite" finished-at="2023-02-15T22:38:39 EST" duration-ms="10718">
    <groups>
    </groups>
    <test started-at="2023-02-15T22:38:28 EST" name="Surefire test" finished-at="2023-02-15T22:38:39 EST" duration-ms="10718">
    </test> <!-- Surefire test -->
  </suite> <!-- Surefire suite -->
</testng-results>
